ncverilog: 15.20-s084: (c) Copyright 1995-2020 Cadence Design Systems, Inc.
TOOL:	ncverilog	15.20-s084: Started on Nov 05, 2022 at 18:24:48 CST
ncverilog
	+access+rw
	testbench.v
	Adder.v
	ALU_Control.v
	ALU.v
	Control.v
	CPU.v
	Instruction_Memory.v
	MUX32.v
	PC.v
	Registers.v
	Sign_Extend.v
	testbench.v
Recompiling... reason: file './PC.v' is newer than expected.
	expected: Sat Nov  5 18:23:23 2022
	actual:   Sat Nov  5 18:24:47 2022
file: PC.v
	module worklib.PC:v
		errors: 0, warnings: 0
file: testbench.v
module TestBench;
               |
ncvlog: *W,RECOME (testbench.v,3|15): recompiling design unit worklib.TestBench:v.
	First compiled from line 3 of testbench.v.
		Caching library 'worklib' ....... Done
	Elaborating the design hierarchy:
	Building instance overlay tables: .................... Done
	Generating native compiled code:
		worklib.PC:v <0x519763c0>
			streams:   3, words:   415
		worklib.TestBench:v <0x10028824>
			streams:   6, words: 14755
	Building instance specific data structures.
	Loading native compiled code:     .................... Done
	Design hierarchy summary:
		              Instances  Unique
		Modules:             11      11
		Registers:           16      16
		Scalar wires:         6       -
		Expanded wires:      32       1
		Vectored wires:      14       -
		Always blocks:       10      10
		Initial blocks:       1       1
		Cont. assignments:    8      12
		Pseudo assignments:   8       8
	Writing initial simulation snapshot: worklib.TestBench:v
Loading snapshot worklib.TestBench:v .................... Done
*Verdi* Loading libsscore_ius152.so
ncsim> source /usr/cad/cadence/INCISIV/cur/tools/inca/files/ncsimrc
ncsim> run
PC =          0
Registers
x0     =           0, x8(s0)  =           0, x16(a6) =           0, x24(s8)  =           0
x1(ra) =           0, x9(s1)  =           0, x17(a7) =           0, x25(s9)  =           0
x2(sp) =           0, x10(a0) =           0, x18(s2) =           0, x26(s10) =           0
x3(gp) =           0, x11(a1) =           0, x19(s3) =           0, x27(s11) =           0
x4(tp) =           0, x12(a2) =           0, x20(s4) =           0, x28(t3)  =           0
x5(t0) =           0, x13(a3) =           0, x21(s5) =           0, x29(t4)  =           0
x6(t1) =           0, x14(a4) =           0, x22(s6) =           0, x30(t5)  =           0
x7(t2) =           0, x15(a5) =           0, x23(s7) =           0, x31(t6)  =           0


PC =          4
Registers
x0     =           0, x8(s0)  =           0, x16(a6) =           0, x24(s8)  =           0
x1(ra) =           0, x9(s1)  =           0, x17(a7) =           0, x25(s9)  =           0
x2(sp) =           0, x10(a0) =           0, x18(s2) =           0, x26(s10) =           0
x3(gp) =           0, x11(a1) =           0, x19(s3) =           0, x27(s11) =           0
x4(tp) =           0, x12(a2) =           0, x20(s4) =           0, x28(t3)  =           0
x5(t0) =           0, x13(a3) =           0, x21(s5) =           0, x29(t4)  =           0
x6(t1) =           0, x14(a4) =           0, x22(s6) =           0, x30(t5)  =           0
x7(t2) =           0, x15(a5) =           0, x23(s7) =           0, x31(t6)  =           0


PC =          8
Registers
x0     =           0, x8(s0)  =           0, x16(a6) =           0, x24(s8)  =           0
x1(ra) =           0, x9(s1)  =           0, x17(a7) =           0, x25(s9)  =           0
x2(sp) =           0, x10(a0) =           0, x18(s2) =           0, x26(s10) =           0
x3(gp) =           0, x11(a1) =           0, x19(s3) =           0, x27(s11) =           0
x4(tp) =           0, x12(a2) =           0, x20(s4) =           0, x28(t3)  =           0
x5(t0) =           0, x13(a3) =           0, x21(s5) =           0, x29(t4)  =           0
x6(t1) =           0, x14(a4) =           0, x22(s6) =           0, x30(t5)  =           0
x7(t2) =           0, x15(a5) =           0, x23(s7) =           0, x31(t6)  =           0


PC =         12
Registers
x0     =           0, x8(s0)  =           0, x16(a6) =           0, x24(s8)  =           0
x1(ra) =           0, x9(s1)  =           0, x17(a7) =           0, x25(s9)  =           0
x2(sp) =           0, x10(a0) =           0, x18(s2) =           0, x26(s10) =           0
x3(gp) =           0, x11(a1) =           0, x19(s3) =           0, x27(s11) =           0
x4(tp) =           0, x12(a2) =           0, x20(s4) =           0, x28(t3)  =           0
x5(t0) =           0, x13(a3) =           0, x21(s5) =           0, x29(t4)  =           0
x6(t1) =           0, x14(a4) =           0, x22(s6) =           0, x30(t5)  =           0
x7(t2) =          38, x15(a5) =           0, x23(s7) =           0, x31(t6)  =           0


PC =         16
Registers
x0     =           0, x8(s0)  =           0, x16(a6) =           0, x24(s8)  =           0
x1(ra) =           0, x9(s1)  =           0, x17(a7) =           0, x25(s9)  =           0
x2(sp) =           0, x10(a0) =           0, x18(s2) =           0, x26(s10) =           0
x3(gp) =           0, x11(a1) =           0, x19(s3) =           0, x27(s11) =           0
x4(tp) =           0, x12(a2) =           0, x20(s4) =           0, x28(t3)  =          38
x5(t0) =           0, x13(a3) =           0, x21(s5) =           0, x29(t4)  =           0
x6(t1) =           0, x14(a4) =           0, x22(s6) =           0, x30(t5)  =           0
x7(t2) =          38, x15(a5) =           0, x23(s7) =           0, x31(t6)  =           0


PC =         20
Registers
x0     =           0, x8(s0)  =           0, x16(a6) =           0, x24(s8)  =           0
x1(ra) =           0, x9(s1)  =           0, x17(a7) =           0, x25(s9)  =           0
x2(sp) =           0, x10(a0) =           0, x18(s2) =           0, x26(s10) =           0
x3(gp) =           0, x11(a1) =           0, x19(s3) =           0, x27(s11) =           0
x4(tp) =           0, x12(a2) =           0, x20(s4) =           0, x28(t3)  =          38
x5(t0) =           0, x13(a3) =           0, x21(s5) =           0, x29(t4)  =           0
x6(t1) =           0, x14(a4) =           0, x22(s6) =           0, x30(t5)  =           0
x7(t2) =          38, x15(a5) =           0, x23(s7) =           0, x31(t6)  =           0


PC =         24
Registers
x0     =           0, x8(s0)  =           0, x16(a6) =           0, x24(s8)  =           0
x1(ra) =           0, x9(s1)  =           0, x17(a7) =           0, x25(s9)  =           0
x2(sp) =           0, x10(a0) =           0, x18(s2) =           0, x26(s10) =           0
x3(gp) =           0, x11(a1) =           0, x19(s3) =           0, x27(s11) =           0
x4(tp) =           0, x12(a2) =           0, x20(s4) =           0, x28(t3)  =          38
x5(t0) =           0, x13(a3) =           0, x21(s5) =           0, x29(t4)  =           0
x6(t1) =           0, x14(a4) =           0, x22(s6) =           0, x30(t5)  =           0
x7(t2) =          38, x15(a5) =           0, x23(s7) =           0, x31(t6)  =           0


PC =         28
Registers
x0     =           0, x8(s0)  =           0, x16(a6) =           0, x24(s8)  =           0
x1(ra) =           0, x9(s1)  =           0, x17(a7) =           0, x25(s9)  =           0
x2(sp) =           0, x10(a0) =           0, x18(s2) =           0, x26(s10) =           0
x3(gp) =           0, x11(a1) =           0, x19(s3) =           0, x27(s11) =           0
x4(tp) =           0, x12(a2) =           0, x20(s4) =           0, x28(t3)  =           7
x5(t0) =           0, x13(a3) =           0, x21(s5) =           0, x29(t4)  =           0
x6(t1) =           0, x14(a4) =           0, x22(s6) =           0, x30(t5)  =           0
x7(t2) =          38, x15(a5) =           0, x23(s7) =           0, x31(t6)  =           0


PC =         32
Registers
x0     =           0, x8(s0)  =           0, x16(a6) =           0, x24(s8)  =           0
x1(ra) =           0, x9(s1)  =           0, x17(a7) =           0, x25(s9)  =           0
x2(sp) =           0, x10(a0) =           0, x18(s2) =           0, x26(s10) =           0
x3(gp) =           0, x11(a1) =           0, x19(s3) =           0, x27(s11) =           0
x4(tp) =           0, x12(a2) =           0, x20(s4) =           0, x28(t3)  =           7
x5(t0) =           0, x13(a3) =           0, x21(s5) =           0, x29(t4)  =          14
x6(t1) =           0, x14(a4) =           0, x22(s6) =           0, x30(t5)  =           0
x7(t2) =          38, x15(a5) =           0, x23(s7) =           0, x31(t6)  =           0


PC =         36
Registers
x0     =           0, x8(s0)  =           0, x16(a6) =           0, x24(s8)  =           0
x1(ra) =           0, x9(s1)  =           0, x17(a7) =           0, x25(s9)  =           0
x2(sp) =           0, x10(a0) =           0, x18(s2) =           0, x26(s10) =           0
x3(gp) =           0, x11(a1) =           0, x19(s3) =           0, x27(s11) =           0
x4(tp) =           0, x12(a2) =           0, x20(s4) =           0, x28(t3)  =           7
x5(t0) =           0, x13(a3) =           0, x21(s5) =           0, x29(t4)  =          14
x6(t1) =           0, x14(a4) =          13, x22(s6) =           0, x30(t5)  =           0
x7(t2) =          38, x15(a5) =           0, x23(s7) =           0, x31(t6)  =           0


PC =         40
Registers
x0     =           0, x8(s0)  =           0, x16(a6) =           0, x24(s8)  =           0
x1(ra) =           0, x9(s1)  =           0, x17(a7) =           0, x25(s9)  =           0
x2(sp) =           0, x10(a0) =           0, x18(s2) =           0, x26(s10) =           0
x3(gp) =           0, x11(a1) =           0, x19(s3) =           0, x27(s11) =           0
x4(tp) =           0, x12(a2) =           0, x20(s4) =           0, x28(t3)  =           7
x5(t0) =        1038, x13(a3) =           0, x21(s5) =           0, x29(t4)  =          14
x6(t1) =           0, x14(a4) =          13, x22(s6) =           0, x30(t5)  =           0
x7(t2) =          38, x15(a5) =           0, x23(s7) =           0, x31(t6)  =           0


PC =         44
Registers
x0     =           0, x8(s0)  =           0, x16(a6) =           0, x24(s8)  =           0
x1(ra) =           0, x9(s1)  =           0, x17(a7) =           0, x25(s9)  =           0
x2(sp) =           0, x10(a0) =           0, x18(s2) =           0, x26(s10) =           0
x3(gp) =           0, x11(a1) =           0, x19(s3) =           0, x27(s11) =           0
x4(tp) =           0, x12(a2) =           0, x20(s4) =           0, x28(t3)  =           7
x5(t0) =        1038, x13(a3) =           0, x21(s5) =           0, x29(t4)  =          14
x6(t1) =           0, x14(a4) =          13, x22(s6) =           0, x30(t5)  =           0
x7(t2) =          38, x15(a5) =           0, x23(s7) =           0, x31(t6)  =           0


PC =         48
Registers
x0     =           0, x8(s0)  =           0, x16(a6) =           0, x24(s8)  =           0
x1(ra) =           0, x9(s1)  =           0, x17(a7) =           0, x25(s9)  =           0
x2(sp) =           0, x10(a0) =           0, x18(s2) =           0, x26(s10) =           0
x3(gp) =           0, x11(a1) =           0, x19(s3) =           0, x27(s11) =           0
x4(tp) =           0, x12(a2) =           0, x20(s4) =           0, x28(t3)  =           7
x5(t0) =        1038, x13(a3) =           0, x21(s5) =           0, x29(t4)  =          14
x6(t1) =           0, x14(a4) =          13, x22(s6) =           0, x30(t5)  =           0
x7(t2) =          38, x15(a5) =           0, x23(s7) =           0, x31(t6)  =           0


PC =         52
Registers
x0     =           0, x8(s0)  =           0, x16(a6) =           0, x24(s8)  =           0
x1(ra) =           0, x9(s1)  =           0, x17(a7) =           0, x25(s9)  =           0
x2(sp) =           0, x10(a0) =           0, x18(s2) =           0, x26(s10) =           0
x3(gp) =           0, x11(a1) =           0, x19(s3) =           0, x27(s11) =           0
x4(tp) =           0, x12(a2) =           0, x20(s4) =           0, x28(t3)  =           7
x5(t0) =        1038, x13(a3) =           0, x21(s5) =           0, x29(t4)  =          14
x6(t1) =           0, x14(a4) =          13, x22(s6) =           0, x30(t5)  =           0
x7(t2) =          38, x15(a5) =           0, x23(s7) =           0, x31(t6)  =           0


PC =         56
Registers
x0     =           0, x8(s0)  =           0, x16(a6) =           0, x24(s8)  =           0
x1(ra) =           0, x9(s1)  =           0, x17(a7) =           0, x25(s9)  =           0
x2(sp) =           0, x10(a0) =           0, x18(s2) =           0, x26(s10) =           0
x3(gp) =           0, x11(a1) =           0, x19(s3) =           0, x27(s11) =           0
x4(tp) =           0, x12(a2) =           0, x20(s4) =           0, x28(t3)  =           7
x5(t0) =        1038, x13(a3) =           0, x21(s5) =           0, x29(t4)  =          14
x6(t1) =           0, x14(a4) =          13, x22(s6) =           0, x30(t5)  =           0
x7(t2) =           0, x15(a5) =           0, x23(s7) =           0, x31(t6)  =           0


PC =         60
Registers
x0     =           0, x8(s0)  =           0, x16(a6) =           0, x24(s8)  =           0
x1(ra) =           0, x9(s1)  =           0, x17(a7) =           0, x25(s9)  =           0
x2(sp) =           0, x10(a0) =           0, x18(s2) =           0, x26(s10) =           0
x3(gp) =           0, x11(a1) =           0, x19(s3) =           0, x27(s11) =           0
x4(tp) =           0, x12(a2) =           0, x20(s4) =           0, x28(t3)  =           7
x5(t0) =        1038, x13(a3) =           0, x21(s5) =           0, x29(t4)  =          14
x6(t1) =           0, x14(a4) =          13, x22(s6) =           0, x30(t5)  =           0
x7(t2) =           0, x15(a5) =           0, x23(s7) =           0, x31(t6)  =           0


PC =         64
Registers
x0     =           0, x8(s0)  =           0, x16(a6) =           0, x24(s8)  =           0
x1(ra) =           0, x9(s1)  =           0, x17(a7) =           0, x25(s9)  =           0
x2(sp) =           0, x10(a0) =           0, x18(s2) =           0, x26(s10) =           0
x3(gp) =           0, x11(a1) =           0, x19(s3) =           0, x27(s11) =           0
x4(tp) =           0, x12(a2) =           0, x20(s4) =           0, x28(t3)  =           7
x5(t0) =        1038, x13(a3) =           0, x21(s5) =           0, x29(t4)  =          14
x6(t1) =           0, x14(a4) =          13, x22(s6) =           0, x30(t5)  =           0
x7(t2) =           0, x15(a5) =           0, x23(s7) =           0, x31(t6)  =           0


PC =         68
Registers
x0     =           0, x8(s0)  =           0, x16(a6) =           0, x24(s8)  =           0
x1(ra) =           0, x9(s1)  =           0, x17(a7) =           0, x25(s9)  =           0
x2(sp) =           0, x10(a0) =           0, x18(s2) =           0, x26(s10) =           0
x3(gp) =           0, x11(a1) =           0, x19(s3) =           0, x27(s11) =           0
x4(tp) =           0, x12(a2) =           0, x20(s4) =           0, x28(t3)  =           7
x5(t0) =        1038, x13(a3) =           0, x21(s5) =           0, x29(t4)  =          14
x6(t1) =           0, x14(a4) =          13, x22(s6) =           0, x30(t5)  =           0
x7(t2) =           0, x15(a5) =           0, x23(s7) =           0, x31(t6)  =           0


PC =         72
Registers
x0     =           0, x8(s0)  =           0, x16(a6) =           0, x24(s8)  =           0
x1(ra) =           0, x9(s1)  =           0, x17(a7) =           0, x25(s9)  =           0
x2(sp) =           0, x10(a0) =           0, x18(s2) =           0, x26(s10) =           0
x3(gp) =           0, x11(a1) =           0, x19(s3) =           0, x27(s11) =           0
x4(tp) =           0, x12(a2) =           0, x20(s4) =           0, x28(t3)  =           7
x5(t0) =        1038, x13(a3) =           0, x21(s5) =           0, x29(t4)  =          14
x6(t1) =           0, x14(a4) =          13, x22(s6) =           0, x30(t5)  =           0
x7(t2) =           0, x15(a5) =           0, x23(s7) =           0, x31(t6)  =           0


PC =         76
Registers
x0     =           0, x8(s0)  =           0, x16(a6) =           0, x24(s8)  =           0
x1(ra) =           0, x9(s1)  =           0, x17(a7) =           0, x25(s9)  =           0
x2(sp) =           0, x10(a0) =           0, x18(s2) =           0, x26(s10) =           0
x3(gp) =           0, x11(a1) =           0, x19(s3) =           0, x27(s11) =           0
x4(tp) =           0, x12(a2) =           0, x20(s4) =           0, x28(t3)  =           7
x5(t0) =        1038, x13(a3) =           0, x21(s5) =           0, x29(t4)  =          14
x6(t1) =           0, x14(a4) =          13, x22(s6) =           0, x30(t5)  =           0
x7(t2) =           0, x15(a5) =           0, x23(s7) =           0, x31(t6)  =           0


PC =         80
Registers
x0     =           0, x8(s0)  =           0, x16(a6) =           0, x24(s8)  =           0
x1(ra) =           0, x9(s1)  =           0, x17(a7) =           0, x25(s9)  =           0
x2(sp) =           0, x10(a0) =           0, x18(s2) =           0, x26(s10) =           0
x3(gp) =           0, x11(a1) =           0, x19(s3) =           0, x27(s11) =           0
x4(tp) =           0, x12(a2) =           0, x20(s4) =           0, x28(t3)  =           7
x5(t0) =        1038, x13(a3) =           0, x21(s5) =           0, x29(t4)  =          14
x6(t1) =           0, x14(a4) =          13, x22(s6) =           0, x30(t5)  =           0
x7(t2) =           0, x15(a5) =           0, x23(s7) =           0, x31(t6)  =           0


PC =         84
Registers
x0     =           0, x8(s0)  =           0, x16(a6) =           0, x24(s8)  =           0
x1(ra) =           0, x9(s1)  =           0, x17(a7) =           0, x25(s9)  =           0
x2(sp) =           0, x10(a0) =           0, x18(s2) =           0, x26(s10) =           0
x3(gp) =           0, x11(a1) =           0, x19(s3) =           0, x27(s11) =           0
x4(tp) =           0, x12(a2) =           0, x20(s4) =           0, x28(t3)  =           7
x5(t0) =        1038, x13(a3) =           0, x21(s5) =           0, x29(t4)  =          14
x6(t1) =           0, x14(a4) =          13, x22(s6) =           0, x30(t5)  =           0
x7(t2) =           0, x15(a5) =           0, x23(s7) =           0, x31(t6)  =           6


PC =         88
Registers
x0     =           0, x8(s0)  =           0, x16(a6) =           0, x24(s8)  =           0
x1(ra) =           0, x9(s1)  =           0, x17(a7) =           0, x25(s9)  =           0
x2(sp) =           0, x10(a0) =           0, x18(s2) =           0, x26(s10) =           0
x3(gp) =           0, x11(a1) =           0, x19(s3) =           0, x27(s11) =           0
x4(tp) =           0, x12(a2) =           0, x20(s4) =           0, x28(t3)  =           7
x5(t0) =        1038, x13(a3) =           0, x21(s5) =           0, x29(t4)  =          14
x6(t1) =           0, x14(a4) =          13, x22(s6) =           0, x30(t5)  =           0
x7(t2) =           0, x15(a5) =           0, x23(s7) =           0, x31(t6)  =          12


PC =         92
Registers
x0     =           0, x8(s0)  =           0, x16(a6) =           0, x24(s8)  =           0
x1(ra) =           0, x9(s1)  =           0, x17(a7) =           0, x25(s9)  =           0
x2(sp) =           0, x10(a0) =           0, x18(s2) =           0, x26(s10) =           0
x3(gp) =           0, x11(a1) =           0, x19(s3) =           0, x27(s11) =           0
x4(tp) =           0, x12(a2) =           0, x20(s4) =           0, x28(t3)  =           7
x5(t0) =        1038, x13(a3) =           0, x21(s5) =           0, x29(t4)  =          14
x6(t1) =           0, x14(a4) =          13, x22(s6) =           0, x30(t5)  =           0
x7(t2) =           0, x15(a5) =           0, x23(s7) =           0, x31(t6)  =          12


PC =         96
Registers
x0     =           0, x8(s0)  =           0, x16(a6) =           0, x24(s8)  =           0
x1(ra) =           0, x9(s1)  =           0, x17(a7) =           0, x25(s9)  =           0
x2(sp) =           0, x10(a0) =           0, x18(s2) =           0, x26(s10) =           0
x3(gp) =           0, x11(a1) =           0, x19(s3) =           0, x27(s11) =           0
x4(tp) =           0, x12(a2) =           0, x20(s4) =           0, x28(t3)  =           7
x5(t0) =        1038, x13(a3) =           0, x21(s5) =           0, x29(t4)  =          14
x6(t1) =           0, x14(a4) =          13, x22(s6) =           0, x30(t5)  =           0
x7(t2) =           0, x15(a5) =           0, x23(s7) =           0, x31(t6)  =          12


PC =        100
Registers
x0     =           0, x8(s0)  =           0, x16(a6) =           0, x24(s8)  =           0
x1(ra) =           0, x9(s1)  =           0, x17(a7) =           0, x25(s9)  =           0
x2(sp) =           0, x10(a0) =           0, x18(s2) =           0, x26(s10) =           0
x3(gp) =           0, x11(a1) =           0, x19(s3) =           0, x27(s11) =           0
x4(tp) =           0, x12(a2) =           0, x20(s4) =           0, x28(t3)  =           7
x5(t0) =        1038, x13(a3) =           0, x21(s5) =           0, x29(t4)  =          14
x6(t1) =           0, x14(a4) =          13, x22(s6) =           0, x30(t5)  =           0
x7(t2) =           0, x15(a5) =           0, x23(s7) =           0, x31(t6)  =          12


PC =        104
Registers
x0     =           0, x8(s0)  =           0, x16(a6) =           0, x24(s8)  =           0
x1(ra) =           0, x9(s1)  =           0, x17(a7) =           0, x25(s9)  =           0
x2(sp) =           0, x10(a0) =           0, x18(s2) =           0, x26(s10) =           0
x3(gp) =           0, x11(a1) =           0, x19(s3) =           0, x27(s11) =           0
x4(tp) =           0, x12(a2) =           0, x20(s4) =           0, x28(t3)  =           7
x5(t0) =        1038, x13(a3) =           0, x21(s5) =           0, x29(t4)  =          14
x6(t1) =           0, x14(a4) =          13, x22(s6) =           0, x30(t5)  =           0
x7(t2) =           0, x15(a5) =           0, x23(s7) =           0, x31(t6)  =          12


PC =        108
Registers
x0     =           0, x8(s0)  =           0, x16(a6) =           0, x24(s8)  =           0
x1(ra) =           0, x9(s1)  =           0, x17(a7) =           0, x25(s9)  =           0
x2(sp) =           0, x10(a0) =           0, x18(s2) =           0, x26(s10) =           0
x3(gp) =           0, x11(a1) =           0, x19(s3) =           0, x27(s11) =           0
x4(tp) =           0, x12(a2) =           0, x20(s4) =           0, x28(t3)  =           7
x5(t0) =        1038, x13(a3) =           0, x21(s5) =           0, x29(t4)  =          14
x6(t1) =           0, x14(a4) =          13, x22(s6) =           0, x30(t5)  =           0
x7(t2) =           0, x15(a5) =           0, x23(s7) =           0, x31(t6)  =          12


PC =        112
Registers
x0     =           0, x8(s0)  =           0, x16(a6) =           0, x24(s8)  =           0
x1(ra) =           0, x9(s1)  =           0, x17(a7) =           0, x25(s9)  =           0
x2(sp) =           0, x10(a0) =           0, x18(s2) =           0, x26(s10) =           0
x3(gp) =           0, x11(a1) =           0, x19(s3) =           0, x27(s11) =           0
x4(tp) =           0, x12(a2) =           0, x20(s4) =           0, x28(t3)  =           7
x5(t0) =        1038, x13(a3) =           0, x21(s5) =           0, x29(t4)  =          14
x6(t1) =           0, x14(a4) =          13, x22(s6) =           0, x30(t5)  =           0
x7(t2) =           0, x15(a5) =           0, x23(s7) =           0, x31(t6)  =          12


PC =        116
Registers
x0     =           0, x8(s0)  =           0, x16(a6) =           0, x24(s8)  =           0
x1(ra) =           0, x9(s1)  =           0, x17(a7) =           0, x25(s9)  =           0
x2(sp) =           0, x10(a0) =           0, x18(s2) =           0, x26(s10) =           0
x3(gp) =           0, x11(a1) =           0, x19(s3) =           0, x27(s11) =           0
x4(tp) =           0, x12(a2) =           0, x20(s4) =           0, x28(t3)  =           7
x5(t0) =        1038, x13(a3) =           0, x21(s5) =           0, x29(t4)  =          14
x6(t1) =           0, x14(a4) =          13, x22(s6) =           0, x30(t5)  =           0
x7(t2) =           0, x15(a5) =           0, x23(s7) =           0, x31(t6)  =          12


Simulation complete via $finish(1) at time 1525 NS + 0
./testbench.v:53         $finish;
ncsim> exit
TOOL:	ncverilog	15.20-s084: Exiting on Nov 05, 2022 at 18:24:50 CST  (total: 00:00:02)
