#! /usr/bin/vvp
:ivl_version "10.3 (stable)";
:ivl_delay_selection "TYPICAL";
:vpi_time_precision + 0;
:vpi_module "system";
:vpi_module "vhdl_sys";
:vpi_module "v2005_math";
:vpi_module "va_math";
S_0x7fffd8c8a7f0 .scope module, "Data_Memory" "Data_Memory" 2 1;
 .timescale 0 0;
    .port_info 0 /INPUT 1 "clk_i"
    .port_info 1 /INPUT 32 "addr_i"
    .port_info 2 /INPUT 1 "MemRead_i"
    .port_info 3 /INPUT 1 "MemWrite_i"
    .port_info 4 /INPUT 32 "data_i"
    .port_info 5 /OUTPUT 32 "data_o"
o0x7f3c9edd0018 .functor BUFZ 1, C4<z>; HiZ drive
v0x7fffd8c8e1b0_0 .net "MemRead_i", 0 0, o0x7f3c9edd0018;  0 drivers
o0x7f3c9edd0048 .functor BUFZ 1, C4<z>; HiZ drive
v0x7fffd8ca73a0_0 .net "MemWrite_i", 0 0, o0x7f3c9edd0048;  0 drivers
v0x7fffd8ca7460_0 .net *"_s0", 31 0, L_0x7fffd8ca9c30;  1 drivers
v0x7fffd8ca7520_0 .net *"_s2", 31 0, L_0x7fffd8ca9e50;  1 drivers
v0x7fffd8ca7600_0 .net *"_s4", 29 0, L_0x7fffd8ca9d20;  1 drivers
L_0x7f3c9ed80018 .functor BUFT 1, C4<00>, C4<0>, C4<0>, C4<0>;
v0x7fffd8ca7730_0 .net *"_s6", 1 0, L_0x7f3c9ed80018;  1 drivers
L_0x7f3c9ed80060 .functor BUFT 1, C4<00000000000000000000000000000000>, C4<0>, C4<0>, C4<0>;
v0x7fffd8ca7810_0 .net/2s *"_s8", 31 0, L_0x7f3c9ed80060;  1 drivers
o0x7f3c9edd0168 .functor BUFZ 32, C4<zzzzzzzzzzzzzzzzzzzzzzzzzzzzzzzz>; HiZ drive
v0x7fffd8ca78f0_0 .net "addr_i", 31 0, o0x7f3c9edd0168;  0 drivers
o0x7f3c9edd0198 .functor BUFZ 1, C4<z>; HiZ drive
v0x7fffd8ca79d0_0 .net "clk_i", 0 0, o0x7f3c9edd0198;  0 drivers
o0x7f3c9edd01c8 .functor BUFZ 32, C4<zzzzzzzzzzzzzzzzzzzzzzzzzzzzzzzz>; HiZ drive
v0x7fffd8ca7a90_0 .net "data_i", 31 0, o0x7f3c9edd01c8;  0 drivers
v0x7fffd8ca7b70_0 .net "data_o", 31 0, L_0x7fffd8cb9fa0;  1 drivers
v0x7fffd8ca7c50 .array/s "memory", 1023 0, 31 0;
E_0x7fffd8c89510 .event posedge, v0x7fffd8ca79d0_0;
L_0x7fffd8ca9c30 .array/port v0x7fffd8ca7c50, L_0x7fffd8ca9e50;
L_0x7fffd8ca9d20 .part o0x7f3c9edd0168, 2, 30;
L_0x7fffd8ca9e50 .concat [ 30 2 0 0], L_0x7fffd8ca9d20, L_0x7f3c9ed80018;
L_0x7fffd8cb9fa0 .functor MUXZ 32, L_0x7f3c9ed80060, L_0x7fffd8ca9c30, o0x7f3c9edd0018, C4<>;
S_0x7fffd8c8ba50 .scope module, "Instruction_Memory" "Instruction_Memory" 3 1;
 .timescale 0 0;
    .port_info 0 /INPUT 32 "addr_i"
    .port_info 1 /OUTPUT 32 "instr_o"
L_0x7fffd8cba4d0 .functor BUFZ 32, L_0x7fffd8cba140, C4<00000000000000000000000000000000>, C4<00000000000000000000000000000000>, C4<00000000000000000000000000000000>;
v0x7fffd8ca7dd0_0 .net *"_s0", 31 0, L_0x7fffd8cba140;  1 drivers
v0x7fffd8ca7ed0_0 .net *"_s2", 31 0, L_0x7fffd8cba340;  1 drivers
v0x7fffd8ca7fb0_0 .net *"_s4", 29 0, L_0x7fffd8cba1e0;  1 drivers
L_0x7f3c9ed800a8 .functor BUFT 1, C4<00>, C4<0>, C4<0>, C4<0>;
v0x7fffd8ca8070_0 .net *"_s6", 1 0, L_0x7f3c9ed800a8;  1 drivers
o0x7f3c9edd0408 .functor BUFZ 32, C4<zzzzzzzzzzzzzzzzzzzzzzzzzzzzzzzz>; HiZ drive
v0x7fffd8ca8150_0 .net "addr_i", 31 0, o0x7f3c9edd0408;  0 drivers
v0x7fffd8ca8230_0 .net "instr_o", 31 0, L_0x7fffd8cba4d0;  1 drivers
v0x7fffd8ca8310 .array "memory", 255 0, 31 0;
L_0x7fffd8cba140 .array/port v0x7fffd8ca8310, L_0x7fffd8cba340;
L_0x7fffd8cba1e0 .part o0x7f3c9edd0408, 2, 30;
L_0x7fffd8cba340 .concat [ 30 2 0 0], L_0x7fffd8cba1e0, L_0x7f3c9ed800a8;
S_0x7fffd8c8bbd0 .scope module, "PC" "PC" 4 1;
 .timescale 0 0;
    .port_info 0 /INPUT 1 "clk_i"
    .port_info 1 /INPUT 1 "rst_i"
    .port_info 2 /INPUT 1 "PCWrite_i"
    .port_info 3 /INPUT 32 "pc_i"
    .port_info 4 /OUTPUT 32 "pc_o"
o0x7f3c9edd04c8 .functor BUFZ 1, C4<z>; HiZ drive
v0x7fffd8ca8450_0 .net "PCWrite_i", 0 0, o0x7f3c9edd04c8;  0 drivers
o0x7f3c9edd04f8 .functor BUFZ 1, C4<z>; HiZ drive
v0x7fffd8ca8530_0 .net "clk_i", 0 0, o0x7f3c9edd04f8;  0 drivers
o0x7f3c9edd0528 .functor BUFZ 32, C4<zzzzzzzzzzzzzzzzzzzzzzzzzzzzzzzz>; HiZ drive
v0x7fffd8ca85f0_0 .net "pc_i", 31 0, o0x7f3c9edd0528;  0 drivers
v0x7fffd8ca86b0_0 .var "pc_o", 31 0;
o0x7f3c9edd0588 .functor BUFZ 1, C4<z>; HiZ drive
v0x7fffd8ca8790_0 .net "rst_i", 0 0, o0x7f3c9edd0588;  0 drivers
E_0x7fffd8c88f70 .event posedge, v0x7fffd8ca8790_0, v0x7fffd8ca8530_0;
S_0x7fffd8c8e030 .scope module, "Registers" "Registers" 5 1;
 .timescale 0 0;
    .port_info 0 /INPUT 1 "clk_i"
    .port_info 1 /INPUT 5 "RS1addr_i"
    .port_info 2 /INPUT 5 "RS2addr_i"
    .port_info 3 /INPUT 5 "RDaddr_i"
    .port_info 4 /INPUT 32 "RDdata_i"
    .port_info 5 /INPUT 1 "RegWrite_i"
    .port_info 6 /OUTPUT 32 "RS1data_o"
    .port_info 7 /OUTPUT 32 "RS2data_o"
o0x7f3c9edd07c8 .functor BUFZ 1, C4<z>; HiZ drive
L_0x7fffd8cba630 .functor AND 1, L_0x7fffd8cba590, o0x7f3c9edd07c8, C4<1>, C4<1>;
L_0x7fffd8cbac10 .functor AND 1, L_0x7fffd8cbab20, o0x7f3c9edd07c8, C4<1>, C4<1>;
o0x7f3c9edd06a8 .functor BUFZ 5, C4<zzzzz>; HiZ drive
v0x7fffd8ca8980_0 .net "RDaddr_i", 4 0, o0x7f3c9edd06a8;  0 drivers
o0x7f3c9edd06d8 .functor BUFZ 32, C4<zzzzzzzzzzzzzzzzzzzzzzzzzzzzzzzz>; HiZ drive
v0x7fffd8ca8a80_0 .net "RDdata_i", 31 0, o0x7f3c9edd06d8;  0 drivers
o0x7f3c9edd0708 .functor BUFZ 5, C4<zzzzz>; HiZ drive
v0x7fffd8ca8b60_0 .net "RS1addr_i", 4 0, o0x7f3c9edd0708;  0 drivers
v0x7fffd8ca8c20_0 .net/s "RS1data_o", 31 0, L_0x7fffd8cba9b0;  1 drivers
o0x7f3c9edd0768 .functor BUFZ 5, C4<zzzzz>; HiZ drive
v0x7fffd8ca8d00_0 .net "RS2addr_i", 4 0, o0x7f3c9edd0768;  0 drivers
v0x7fffd8ca8e30_0 .net/s "RS2data_o", 31 0, L_0x7fffd8cbafe0;  1 drivers
v0x7fffd8ca8f10_0 .net "RegWrite_i", 0 0, o0x7f3c9edd07c8;  0 drivers
v0x7fffd8ca8fd0_0 .net *"_s0", 0 0, L_0x7fffd8cba590;  1 drivers
v0x7fffd8ca9090_0 .net *"_s12", 0 0, L_0x7fffd8cbab20;  1 drivers
v0x7fffd8ca91e0_0 .net *"_s14", 0 0, L_0x7fffd8cbac10;  1 drivers
v0x7fffd8ca92a0_0 .net *"_s16", 31 0, L_0x7fffd8cbad20;  1 drivers
v0x7fffd8ca9380_0 .net *"_s18", 6 0, L_0x7fffd8cbae00;  1 drivers
v0x7fffd8ca9460_0 .net *"_s2", 0 0, L_0x7fffd8cba630;  1 drivers
L_0x7f3c9ed80138 .functor BUFT 1, C4<00>, C4<0>, C4<0>, C4<0>;
v0x7fffd8ca9520_0 .net *"_s21", 1 0, L_0x7f3c9ed80138;  1 drivers
v0x7fffd8ca9600_0 .net *"_s4", 31 0, L_0x7fffd8cba720;  1 drivers
v0x7fffd8ca96e0_0 .net *"_s6", 6 0, L_0x7fffd8cba820;  1 drivers
L_0x7f3c9ed800f0 .functor BUFT 1, C4<00>, C4<0>, C4<0>, C4<0>;
v0x7fffd8ca97c0_0 .net *"_s9", 1 0, L_0x7f3c9ed800f0;  1 drivers
o0x7f3c9edd09d8 .functor BUFZ 1, C4<z>; HiZ drive
v0x7fffd8ca99b0_0 .net "clk_i", 0 0, o0x7f3c9edd09d8;  0 drivers
v0x7fffd8ca9a70 .array/s "register", 31 0, 31 0;
E_0x7fffd8c7da20 .event posedge, v0x7fffd8ca99b0_0;
L_0x7fffd8cba590 .cmp/eq 5, o0x7f3c9edd0708, o0x7f3c9edd06a8;
L_0x7fffd8cba720 .array/port v0x7fffd8ca9a70, L_0x7fffd8cba820;
L_0x7fffd8cba820 .concat [ 5 2 0 0], o0x7f3c9edd0708, L_0x7f3c9ed800f0;
L_0x7fffd8cba9b0 .functor MUXZ 32, L_0x7fffd8cba720, o0x7f3c9edd06d8, L_0x7fffd8cba630, C4<>;
L_0x7fffd8cbab20 .cmp/eq 5, o0x7f3c9edd0768, o0x7f3c9edd06a8;
L_0x7fffd8cbad20 .array/port v0x7fffd8ca9a70, L_0x7fffd8cbae00;
L_0x7fffd8cbae00 .concat [ 5 2 0 0], o0x7f3c9edd0768, L_0x7f3c9ed80138;
L_0x7fffd8cbafe0 .functor MUXZ 32, L_0x7fffd8cbad20, o0x7f3c9edd06d8, L_0x7fffd8cbac10, C4<>;
    .scope S_0x7fffd8c8a7f0;
T_0 ;
    %wait E_0x7fffd8c89510;
    %load/vec4 v0x7fffd8ca73a0_0;
    %flag_set/vec4 8;
    %jmp/0xz  T_0.0, 8;
    %load/vec4 v0x7fffd8ca7a90_0;
    %load/vec4 v0x7fffd8ca78f0_0;
    %ix/load 4, 2, 0;
    %flag_set/imm 4, 0;
    %shiftr 4;
    %ix/vec4 3;
    %ix/load 4, 0, 0; Constant delay
    %assign/vec4/a/d v0x7fffd8ca7c50, 0, 4;
T_0.0 ;
    %jmp T_0;
    .thread T_0;
    .scope S_0x7fffd8c8bbd0;
T_1 ;
    %wait E_0x7fffd8c88f70;
    %load/vec4 v0x7fffd8ca8790_0;
    %flag_set/vec4 8;
    %jmp/0xz  T_1.0, 8;
    %pushi/vec4 0, 0, 32;
    %assign/vec4 v0x7fffd8ca86b0_0, 0;
    %jmp T_1.1;
T_1.0 ;
    %load/vec4 v0x7fffd8ca8450_0;
    %flag_set/vec4 8;
    %jmp/0xz  T_1.2, 8;
    %load/vec4 v0x7fffd8ca85f0_0;
    %assign/vec4 v0x7fffd8ca86b0_0, 0;
T_1.2 ;
T_1.1 ;
    %jmp T_1;
    .thread T_1;
    .scope S_0x7fffd8c8e030;
T_2 ;
    %wait E_0x7fffd8c7da20;
    %load/vec4 v0x7fffd8ca8f10_0;
    %load/vec4 v0x7fffd8ca8980_0;
    %pushi/vec4 0, 0, 5;
    %cmp/e;
    %flag_get/vec4 4;
    %inv;
    %and;
    %flag_set/vec4 8;
    %jmp/0xz  T_2.0, 8;
    %load/vec4 v0x7fffd8ca8a80_0;
    %load/vec4 v0x7fffd8ca8980_0;
    %pad/u 7;
    %ix/vec4 3;
    %ix/load 4, 0, 0; Constant delay
    %assign/vec4/a/d v0x7fffd8ca9a70, 0, 4;
T_2.0 ;
    %jmp T_2;
    .thread T_2;
# The file index is used to find the file name in the following table.
:file_names 6;
    "N/A";
    "<interactive>";
    "Data_Memory.v";
    "Instruction_Memory.v";
    "PC.v";
    "Registers.v";
